<?xml version="1.0" encoding="UTF-8"?>
<testsuite name="com.xib.agent.service.TeamServiceTest" tests="5" skipped="0" failures="0" errors="0" timestamp="2021-08-09T05:18:24" hostname="Nagarjunas-MacBook-Pro.local" time="0.025">
  <properties/>
  <testcase name="findTeam()" classname="com.xib.agent.service.TeamServiceTest" time="0.002"/>
  <testcase name="findUnassignedTeams()" classname="com.xib.agent.service.TeamServiceTest" time="0.004"/>
  <testcase name="createTeam()" classname="com.xib.agent.service.TeamServiceTest" time="0.006"/>
  <testcase name="assignAgent()" classname="com.xib.agent.service.TeamServiceTest" time="0.006"/>
  <testcase name="findAllTeams()" classname="com.xib.agent.service.TeamServiceTest" time="0.007"/>
  <system-out><![CDATA[2021-08-09 10:48:24.932  INFO 29165 --- [    Test worker] .b.t.c.SpringBootTestContextBootstrapper : Neither @ContextConfiguration nor @ContextHierarchy found for test class [com.xib.agent.service.TeamServiceTest], using SpringBootContextLoader
2021-08-09 10:48:24.933  INFO 29165 --- [    Test worker] o.s.t.c.support.AbstractContextLoader    : Could not detect default resource locations for test class [com.xib.agent.service.TeamServiceTest]: no resource found for suffixes {-context.xml, Context.groovy}.
2021-08-09 10:48:24.933  INFO 29165 --- [    Test worker] t.c.s.AnnotationConfigContextLoaderUtils : Could not detect default configuration classes for test class [com.xib.agent.service.TeamServiceTest]: TeamServiceTest does not declare any static, non-private, non-final, nested classes annotated with @Configuration.
2021-08-09 10:48:24.934  INFO 29165 --- [    Test worker] .b.t.c.SpringBootTestContextBootstrapper : Found @SpringBootConfiguration com.xib.agent.AgentApplication for test class com.xib.agent.service.TeamServiceTest
2021-08-09 10:48:24.935  INFO 29165 --- [    Test worker] .b.t.c.SpringBootTestContextBootstrapper : Loaded default TestExecutionListener class names from location [META-INF/spring.factories]: [org.springframework.boot.test.autoconfigure.restdocs.RestDocsTestExecutionListener, org.springframework.boot.test.autoconfigure.web.client.MockRestServiceServerResetTestExecutionListener, org.springframework.boot.test.autoconfigure.web.servlet.MockMvcPrintOnlyOnFailureTestExecutionListener, org.springframework.boot.test.autoconfigure.web.servlet.WebDriverTestExecutionListener, org.springframework.boot.test.mock.mockito.MockitoTestExecutionListener, org.springframework.boot.test.mock.mockito.ResetMocksTestExecutionListener, org.springframework.test.context.web.ServletTestExecutionListener, org.springframework.test.context.support.DirtiesContextBeforeModesTestExecutionListener, org.springframework.test.context.support.DependencyInjectionTestExecutionListener, org.springframework.test.context.support.DirtiesContextTestExecutionListener, org.springframework.test.context.transaction.TransactionalTestExecutionListener, org.springframework.test.context.jdbc.SqlScriptsTestExecutionListener, org.springframework.test.context.event.EventPublishingTestExecutionListener]
2021-08-09 10:48:24.935  INFO 29165 --- [    Test worker] .b.t.c.SpringBootTestContextBootstrapper : Using TestExecutionListeners: [org.springframework.test.context.web.ServletTestExecutionListener@7b0bf8d6, org.springframework.test.context.support.DirtiesContextBeforeModesTestExecutionListener@1a043b60, org.springframework.boot.test.mock.mockito.MockitoTestExecutionListener@5d0d2d71, org.springframework.boot.test.autoconfigure.SpringBootDependencyInjectionTestExecutionListener@555feb9, org.springframework.test.context.support.DirtiesContextTestExecutionListener@213c6b8d, org.springframework.test.context.transaction.TransactionalTestExecutionListener@1ad88bf1, org.springframework.test.context.jdbc.SqlScriptsTestExecutionListener@2e0a4b7e, org.springframework.test.context.event.EventPublishingTestExecutionListener@480c830, org.springframework.boot.test.autoconfigure.restdocs.RestDocsTestExecutionListener@4622bb2e, org.springframework.boot.test.autoconfigure.web.client.MockRestServiceServerResetTestExecutionListener@187b3718, org.springframework.boot.test.autoconfigure.web.servlet.MockMvcPrintOnlyOnFailureTestExecutionListener@64d6ced2, org.springframework.boot.test.autoconfigure.web.servlet.WebDriverTestExecutionListener@66954b30, org.springframework.boot.test.mock.mockito.ResetMocksTestExecutionListener@353d6707]
]]></system-out>
  <system-err><![CDATA[]]></system-err>
</testsuite>
