<?xml version="1.0" encoding="UTF-8"?>
<testsuite name="com.xib.agent.service.ManagerServiceTest" tests="3" skipped="0" failures="0" errors="0" timestamp="2021-08-09T05:18:24" hostname="Nagarjunas-MacBook-Pro.local" time="0.016">
  <properties/>
  <testcase name="createManager()" classname="com.xib.agent.service.ManagerServiceTest" time="0.008"/>
  <testcase name="findManager()" classname="com.xib.agent.service.ManagerServiceTest" time="0.004"/>
  <testcase name="findAllManagers()" classname="com.xib.agent.service.ManagerServiceTest" time="0.004"/>
  <system-out><![CDATA[2021-08-09 10:48:24.566  INFO 29165 --- [    Test worker] .b.t.c.SpringBootTestContextBootstrapper : Neither @ContextConfiguration nor @ContextHierarchy found for test class [com.xib.agent.service.ManagerServiceTest], using SpringBootContextLoader
2021-08-09 10:48:24.567  INFO 29165 --- [    Test worker] o.s.t.c.support.AbstractContextLoader    : Could not detect default resource locations for test class [com.xib.agent.service.ManagerServiceTest]: no resource found for suffixes {-context.xml, Context.groovy}.
2021-08-09 10:48:24.567  INFO 29165 --- [    Test worker] t.c.s.AnnotationConfigContextLoaderUtils : Could not detect default configuration classes for test class [com.xib.agent.service.ManagerServiceTest]: ManagerServiceTest does not declare any static, non-private, non-final, nested classes annotated with @Configuration.
2021-08-09 10:48:24.572  INFO 29165 --- [    Test worker] .b.t.c.SpringBootTestContextBootstrapper : Found @SpringBootConfiguration com.xib.agent.AgentApplication for test class com.xib.agent.service.ManagerServiceTest
2021-08-09 10:48:24.573  INFO 29165 --- [    Test worker] .b.t.c.SpringBootTestContextBootstrapper : Loaded default TestExecutionListener class names from location [META-INF/spring.factories]: [org.springframework.boot.test.autoconfigure.restdocs.RestDocsTestExecutionListener, org.springframework.boot.test.autoconfigure.web.client.MockRestServiceServerResetTestExecutionListener, org.springframework.boot.test.autoconfigure.web.servlet.MockMvcPrintOnlyOnFailureTestExecutionListener, org.springframework.boot.test.autoconfigure.web.servlet.WebDriverTestExecutionListener, org.springframework.boot.test.mock.mockito.MockitoTestExecutionListener, org.springframework.boot.test.mock.mockito.ResetMocksTestExecutionListener, org.springframework.test.context.web.ServletTestExecutionListener, org.springframework.test.context.support.DirtiesContextBeforeModesTestExecutionListener, org.springframework.test.context.support.DependencyInjectionTestExecutionListener, org.springframework.test.context.support.DirtiesContextTestExecutionListener, org.springframework.test.context.transaction.TransactionalTestExecutionListener, org.springframework.test.context.jdbc.SqlScriptsTestExecutionListener, org.springframework.test.context.event.EventPublishingTestExecutionListener]
2021-08-09 10:48:24.573  INFO 29165 --- [    Test worker] .b.t.c.SpringBootTestContextBootstrapper : Using TestExecutionListeners: [org.springframework.test.context.web.ServletTestExecutionListener@7cdd0fff, org.springframework.test.context.support.DirtiesContextBeforeModesTestExecutionListener@3dfdc02e, org.springframework.boot.test.mock.mockito.MockitoTestExecutionListener@69372fb2, org.springframework.boot.test.autoconfigure.SpringBootDependencyInjectionTestExecutionListener@76720f0d, org.springframework.test.context.support.DirtiesContextTestExecutionListener@62c454cb, org.springframework.test.context.transaction.TransactionalTestExecutionListener@316b140d, org.springframework.test.context.jdbc.SqlScriptsTestExecutionListener@6171e72d, org.springframework.test.context.event.EventPublishingTestExecutionListener@79d8669, org.springframework.boot.test.autoconfigure.restdocs.RestDocsTestExecutionListener@47bff85d, org.springframework.boot.test.autoconfigure.web.client.MockRestServiceServerResetTestExecutionListener@2e1d57db, org.springframework.boot.test.autoconfigure.web.servlet.MockMvcPrintOnlyOnFailureTestExecutionListener@40bb85ba, org.springframework.boot.test.autoconfigure.web.servlet.WebDriverTestExecutionListener@2b7eed0a, org.springframework.boot.test.mock.mockito.ResetMocksTestExecutionListener@133b8528]
]]></system-out>
  <system-err><![CDATA[]]></system-err>
</testsuite>
