<?xml version="1.0" encoding="UTF-8"?>
<testsuite name="com.xib.agent.service.AgentServiceTest" tests="6" skipped="0" failures="0" errors="0" timestamp="2021-08-09T05:18:24" hostname="Nagarjunas-MacBook-Pro.local" time="0.32">
  <properties/>
  <testcase name="findAllAgents()" classname="com.xib.agent.service.AgentServiceTest" time="0.17"/>
  <testcase name="createAgent()" classname="com.xib.agent.service.AgentServiceTest" time="0.015"/>
  <testcase name="assignTeamToAgent()" classname="com.xib.agent.service.AgentServiceTest" time="0.004"/>
  <testcase name="findAgent()" classname="com.xib.agent.service.AgentServiceTest" time="0.015"/>
  <testcase name="findAgentsByTeam()" classname="com.xib.agent.service.AgentServiceTest" time="0.05"/>
  <testcase name="testFindAllAgents()" classname="com.xib.agent.service.AgentServiceTest" time="0.064"/>
  <system-out><![CDATA[2021-08-09 10:48:24.604  INFO 29165 --- [    Test worker] .b.t.c.SpringBootTestContextBootstrapper : Neither @ContextConfiguration nor @ContextHierarchy found for test class [com.xib.agent.service.AgentServiceTest], using SpringBootContextLoader
2021-08-09 10:48:24.605  INFO 29165 --- [    Test worker] o.s.t.c.support.AbstractContextLoader    : Could not detect default resource locations for test class [com.xib.agent.service.AgentServiceTest]: no resource found for suffixes {-context.xml, Context.groovy}.
2021-08-09 10:48:24.605  INFO 29165 --- [    Test worker] t.c.s.AnnotationConfigContextLoaderUtils : Could not detect default configuration classes for test class [com.xib.agent.service.AgentServiceTest]: AgentServiceTest does not declare any static, non-private, non-final, nested classes annotated with @Configuration.
2021-08-09 10:48:24.606  INFO 29165 --- [    Test worker] .b.t.c.SpringBootTestContextBootstrapper : Found @SpringBootConfiguration com.xib.agent.AgentApplication for test class com.xib.agent.service.AgentServiceTest
2021-08-09 10:48:24.607  INFO 29165 --- [    Test worker] .b.t.c.SpringBootTestContextBootstrapper : Loaded default TestExecutionListener class names from location [META-INF/spring.factories]: [org.springframework.boot.test.autoconfigure.restdocs.RestDocsTestExecutionListener, org.springframework.boot.test.autoconfigure.web.client.MockRestServiceServerResetTestExecutionListener, org.springframework.boot.test.autoconfigure.web.servlet.MockMvcPrintOnlyOnFailureTestExecutionListener, org.springframework.boot.test.autoconfigure.web.servlet.WebDriverTestExecutionListener, org.springframework.boot.test.mock.mockito.MockitoTestExecutionListener, org.springframework.boot.test.mock.mockito.ResetMocksTestExecutionListener, org.springframework.test.context.web.ServletTestExecutionListener, org.springframework.test.context.support.DirtiesContextBeforeModesTestExecutionListener, org.springframework.test.context.support.DependencyInjectionTestExecutionListener, org.springframework.test.context.support.DirtiesContextTestExecutionListener, org.springframework.test.context.transaction.TransactionalTestExecutionListener, org.springframework.test.context.jdbc.SqlScriptsTestExecutionListener, org.springframework.test.context.event.EventPublishingTestExecutionListener]
2021-08-09 10:48:24.607  INFO 29165 --- [    Test worker] .b.t.c.SpringBootTestContextBootstrapper : Using TestExecutionListeners: [org.springframework.test.context.web.ServletTestExecutionListener@26f67610, org.springframework.test.context.support.DirtiesContextBeforeModesTestExecutionListener@2866ab17, org.springframework.boot.test.mock.mockito.MockitoTestExecutionListener@5e6e78f, org.springframework.boot.test.autoconfigure.SpringBootDependencyInjectionTestExecutionListener@1d4b594d, org.springframework.test.context.support.DirtiesContextTestExecutionListener@898fa02, org.springframework.test.context.transaction.TransactionalTestExecutionListener@15bbd615, org.springframework.test.context.jdbc.SqlScriptsTestExecutionListener@275391b2, org.springframework.test.context.event.EventPublishingTestExecutionListener@60152524, org.springframework.boot.test.autoconfigure.restdocs.RestDocsTestExecutionListener@2f929bce, org.springframework.boot.test.autoconfigure.web.client.MockRestServiceServerResetTestExecutionListener@6452eb57, org.springframework.boot.test.autoconfigure.web.servlet.MockMvcPrintOnlyOnFailureTestExecutionListener@5f37286e, org.springframework.boot.test.autoconfigure.web.servlet.WebDriverTestExecutionListener@16421aa9, org.springframework.boot.test.mock.mockito.ResetMocksTestExecutionListener@2db5bf44]
]]></system-out>
  <system-err><![CDATA[]]></system-err>
</testsuite>
